<?xml version="1.0" encoding="UTF-8"?>
<!-- Generated by org.testng.reporters.JUnitXMLReporter -->
<testsuite hostname="HP-5CG1483FDT" failures="0" tests="3" name="Test1" time="20.428" errors="0" timestamp="24 Apr 2023 13:21:56 GMT">
  <testcase classname="pageexecution.FacebookExecution" name="validLogin" time="2.19"/>
  <testcase classname="pageexecution.FacebookExecution" name="validLogin" time="1.775"/>
  <testcase classname="pageexecution.FacebookExecution" name="validLogin" time="1.835"/>
</testsuite> <!-- Test1 -->
